<?xml version="1.0" encoding="UTF-8"?>
<!-- Generated by org.testng.reporters.JUnitReportReporter -->
<testsuite hostname="sairam" failures="0" tests="1" name="com.testleaftestcases.TC002Login$TC001CreateLead" time="13.457" errors="0" timestamp="2022-07-07T10:52:56 AEST" skipped="0">
  <testcase classname="com.testleaftestcases.TC002Login$TC001CreateLead" name="runLogin" time="13.457"/>
  <system-out/>
</testsuite> <!-- com.testleaftestcases.TC002Login$TC001CreateLead -->
