<?xml version="1.0" encoding="UTF-8"?>
<!-- Generated by org.testng.reporters.JUnitReportReporter -->
<testsuite hostname="sairam" failures="0" tests="2" name="com.testleaftestcases.Runnerr" time="10.569" errors="0" timestamp="2022-07-07T00:33:31 AEST" skipped="0">
  <testcase classname="com.testleaftestcases.Runnerr" name="runScenario" time="5.285"/>
  <system-out/>
  <testcase classname="com.testleaftestcases.Runnerr" name="runScenario" time="5.284"/>
  <system-out/>
</testsuite> <!-- com.testleaftestcases.Runnerr -->
